
ROM used:   57/1024 (6%)
            57/1024 (6%) including unused fragments

            0.1 Average locations per line
            4.1 Average locations per statement

RAM used:   5/68 (7%) at main() level
            6/68 (9%) worst case

Stack used: 0 worst case (0 in main + 0 for interrupts)
Stack size: 8

Lines Stmts  %   Files
----- ----- ---  -----
   28    14 100  main.c
  414     0   0  ..\..\..\..\..\..\..\Program Files (x86)\PICC\Devices\16f84a.h
----- -----
  442    14 Total

Page ROM  %  RAM    Vol Diff  Functions:
---- --- --- ---    --- ----  ----------
0     20  35    1             @delay_ms1
0     33  58    1    275  5.0  main
 Inline         0             @cinit1

Program metrics:
    Functions               1
    Statements              14
    Comments                71
    Volume (V)              279
    Difficulty (D)          4.6
    Effort to implement (E) 1290
    Time to implement (T)   1 minutes
    Est Delivered Bugs (B)  0
    Cyclomatic Complexity   3
    Maintainability (MI)    122

 Segment     Used  Free
-----------  ----  ----
00000-00003     4  0  
00004-003FF    53  967  



